#
# A fatal error has been detected by the Java Runtime Environment:
#
#  EXCEPTION_ACCESS_VIOLATION (0xc0000005) at pc=0x000001efac537e14, pid=14388, tid=26792
#
# JRE version: Java(TM) SE Runtime Environment (11.0.4+10) (build 11.0.4+10-LTS)
# Java VM: Java HotSpot(TM) 64-Bit Server VM (11.0.4+10-LTS, mixed mode, tiered, compressed oops, g1 gc, windows-amd64)
# Problematic frame:
# J 759 c1 sun.misc.Unsafe.putLong(Ljava/lang/Object;JJ)V jdk.unsupported@11.0.4 (11 bytes) @ 0x000001efac537e14 [0x000001efac537dc0+0x0000000000000054]
#
# No core dump will be written. Minidumps are not enabled by default on client versions of Windows
#
# If you would like to submit a bug report, please visit:
#   http://bugreport.java.com/bugreport/crash.jsp
#

---------------  S U M M A R Y ------------

Command Line: -Dfile.encoding=windows-1252 -Duser.country=SE -Duser.language=sv -Duser.variant App

Host: AMD Ryzen 7 1700X Eight-Core Processor         , 16 cores, 15G,  Windows 10 , 64 bit Build 18362 (10.0.18362.778)
Time: Thu May 14 09:29:37 2020 Västeuropa, sommartid elapsed time: 1 seconds (0d 0h 0m 1s)

---------------  T H R E A D  ---------------

Current thread (0x000001efa395a800):  JavaThread "main" [_thread_in_Java, id=26792, stack(0x00000070d4900000,0x00000070d4a00000)]

Stack: [0x00000070d4900000,0x00000070d4a00000],  sp=0x00000070d49ff4f0,  free space=1021k
Native frames: (J=compiled Java code, j=interpreted, Vv=VM code, C=native code)
C  0x000001efac537e14


siginfo: EXCEPTION_ACCESS_VIOLATION (0xc0000005), writing address 0x0000000000000010


Register to memory mapping:

RIP=0x000001efac537e14 is at entry_point+84 in (nmethod*)0x000001efac537c10
RAX={method} {0x000001efc8593db8} 'putLong' '(Ljava/lang/Object;JJ)V' in 'sun/misc/Unsafe'
RBX=0x0000000000001450 is an unknown value
RCX=0x000000070f7b3ef8 is an oop: sun.misc.Unsafe 
{0x000000070f7b3ef8} - klass: 'sun/misc/Unsafe'
RDX=0x000000070f7b3ef8 is an oop: sun.misc.Unsafe 
{0x000000070f7b3ef8} - klass: 'sun/misc/Unsafe'
RSP=0x00000070d49ff4f0 is pointing into the stack for thread: 0x000001efa395a800
RBP=0x00000070d49ff5c8 is pointing into the stack for thread: 0x000001efa395a800
RSI=0x000001efca326988 is pointing into metadata
RDI=0x00000000be1fdde9 is an unknown value
R8 =0x0 is NULL
R9 =0x0000000000000010 is an unknown value
R10=0x00007ffbfc573830 jvm.dll
R11=0x000001efac537de0 is at entry_point+32 in (nmethod*)0x000001efac537c10
R12=0x0 is NULL
R13=0x00000070d49ff550 is pointing into the stack for thread: 0x000001efa395a800
R14=0x00000070d49ff5f0 is pointing into the stack for thread: 0x000001efa395a800
R15=0x000001efa395a800 is a thread


Registers:
RAX=0x000001efc8593db0, RBX=0x0000000000001450, RCX=0x000000070f7b3ef8, RDX=0x000000070f7b3ef8
RSP=0x00000070d49ff4f0, RBP=0x00000070d49ff5c8, RSI=0x000001efca326988, RDI=0x00000000be1fdde9
R8 =0x0000000000000000, R9 =0x0000000000000010, R10=0x00007ffbfc573830, R11=0x000001efac537de0
R12=0x0000000000000000, R13=0x00000070d49ff550, R14=0x00000070d49ff5f0, R15=0x000001efa395a800
RIP=0x000001efac537e14, EFLAGS=0x0000000000010206

Top of Stack: (sp=0x00000070d49ff4f0)
0x00000070d49ff4f0:   0000000000001b58 00000070d49ff5c8
0x00000070d49ff500:   000000000000035b 00000000000000b6
0x00000070d49ff510:   00000070d49ff5c8 000001efabcad5b8
0x00000070d49ff520:   000001efa395a800 0000000000001b60
0x00000070d49ff530:   00000070d49ff5c8 000001efabc99e67
0x00000070d49ff540:   000000000000000c 000001efabc99e67
0x00000070d49ff550:   00000000be1fdde9 0000000000000000
0x00000070d49ff560:   0000000000000010 0000000000000000
0x00000070d49ff570:   0000000000000000 000000070f7b3ef8
0x00000070d49ff580:   00000070d49ff580 000001efd2c1af11
0x00000070d49ff590:   00000070d49ff5f0 000001efd2c2c860
0x00000070d49ff5a0:   0000000000000000 00000007105fa350
0x00000070d49ff5b0:   000001efd2c1af50 00000070d49ff550
0x00000070d49ff5c0:   00000070d49ff5e0 00000070d49ff640
0x00000070d49ff5d0:   000001efabc99e67 0000000000000000
0x00000070d49ff5e0:   0000000000000010 0000000000000000 

Instructions: (pc=0x000001efac537e14)
0x000001efac537df4:   00 00 8b 9e 04 01 00 00 83 c3 08 89 9e 04 01 00
0x000001efac537e04:   00 81 e3 f8 1f 00 00 83 fb 00 0f 84 14 00 00 00
0x000001efac537e14:   4b 89 3c 08 48 83 c4 40 5d 4d 8b 97 08 01 00 00
0x000001efac537e24:   41 85 02 c3 49 ba b0 3d 59 c8 ef 01 00 00 4c 89 


Stack slot to memory mapping:
stack at sp + 0 slots: 0x0000000000001b58 is an unknown value
stack at sp + 1 slots: 0x00000070d49ff5c8 is pointing into the stack for thread: 0x000001efa395a800
stack at sp + 2 slots: 0x000000000000035b is an unknown value
stack at sp + 3 slots: 0x00000000000000b6 is an unknown value
stack at sp + 4 slots: 0x00000070d49ff5c8 is pointing into the stack for thread: 0x000001efa395a800
stack at sp + 5 slots: 0x000001efabcad5b8 is at code_begin+184 in an Interpreter codelet
invokevirtual  182 invokevirtual  [0x000001efabcad500, 0x000001efabcada20]  1312 bytes
stack at sp + 6 slots: 0x000001efa395a800 is a thread
stack at sp + 7 slots: 0x0000000000001b60 is an unknown value



---------------  P R O C E S S  ---------------

Threads class SMR info:
_java_thread_list=0x000001efc88973b0, length=11, elements={
0x000001efa395a800, 0x000001efc86c0000, 0x000001efc86cb000, 0x000001efc8723800,
0x000001efc8724800, 0x000001efc8727800, 0x000001efc8737000, 0x000001efc8741800,
0x000001efc8895000, 0x000001efc88ac000, 0x000001efc89c5800
}

Java Threads: ( => current thread )
=>0x000001efa395a800 JavaThread "main" [_thread_in_Java, id=26792, stack(0x00000070d4900000,0x00000070d4a00000)]
  0x000001efc86c0000 JavaThread "Reference Handler" daemon [_thread_blocked, id=15500, stack(0x00000070d5000000,0x00000070d5100000)]
  0x000001efc86cb000 JavaThread "Finalizer" daemon [_thread_blocked, id=20120, stack(0x00000070d5100000,0x00000070d5200000)]
  0x000001efc8723800 JavaThread "Signal Dispatcher" daemon [_thread_blocked, id=18816, stack(0x00000070d5200000,0x00000070d5300000)]
  0x000001efc8724800 JavaThread "Attach Listener" daemon [_thread_blocked, id=13820, stack(0x00000070d5300000,0x00000070d5400000)]
  0x000001efc8727800 JavaThread "C2 CompilerThread0" daemon [_thread_blocked, id=27656, stack(0x00000070d5400000,0x00000070d5500000)]
  0x000001efc8737000 JavaThread "C1 CompilerThread0" daemon [_thread_blocked, id=25840, stack(0x00000070d5500000,0x00000070d5600000)]
  0x000001efc8741800 JavaThread "Sweeper thread" daemon [_thread_blocked, id=12456, stack(0x00000070d5600000,0x00000070d5700000)]
  0x000001efc8895000 JavaThread "Service Thread" daemon [_thread_blocked, id=14464, stack(0x00000070d5800000,0x00000070d5900000)]
  0x000001efc88ac000 JavaThread "Common-Cleaner" daemon [_thread_blocked, id=412, stack(0x00000070d5a00000,0x00000070d5b00000)]
  0x000001efc89c5800 JavaThread "C1 CompilerThread1" daemon [_thread_blocked, id=22848, stack(0x00000070d6600000,0x00000070d6700000)]

Other Threads:
  0x000001efc869e000 VMThread "VM Thread" [stack: 0x00000070d4f00000,0x00000070d5000000] [id=28268]
  0x000001efc88b0000 WatcherThread [stack: 0x00000070d5900000,0x00000070d5a00000] [id=16552]
  0x000001efa3973800 GCTaskThread "GC Thread#0" [stack: 0x00000070d4a00000,0x00000070d4b00000] [id=14240]
  0x000001efc9bb7000 GCTaskThread "GC Thread#1" [stack: 0x00000070d5700000,0x00000070d5800000] [id=20892]
  0x000001efc9bb8000 GCTaskThread "GC Thread#2" [stack: 0x00000070d5b00000,0x00000070d5c00000] [id=17928]
  0x000001efc9bb9000 GCTaskThread "GC Thread#3" [stack: 0x00000070d5c00000,0x00000070d5d00000] [id=3244]
  0x000001efc9bb9800 GCTaskThread "GC Thread#4" [stack: 0x00000070d6400000,0x00000070d6500000] [id=23188]
  0x000001efc9c7e000 GCTaskThread "GC Thread#5" [stack: 0x00000070d6500000,0x00000070d6600000] [id=22420]
  0x000001efa39d0000 ConcurrentGCThread "G1 Main Marker" [stack: 0x00000070d4b00000,0x00000070d4c00000] [id=7552]
  0x000001efa39d1800 ConcurrentGCThread "G1 Conc#0" [stack: 0x00000070d4c00000,0x00000070d4d00000] [id=22280]
  0x000001efc7cfc000 ConcurrentGCThread "G1 Refine#0" [stack: 0x00000070d4d00000,0x00000070d4e00000] [id=12568]
  0x000001efc7cfd000 ConcurrentGCThread "G1 Young RemSet Sampling" [stack: 0x00000070d4e00000,0x00000070d4f00000] [id=2464]

Threads with active compile tasks:

VM state:not at safepoint (normal execution)

VM Mutex/Monitor currently owned by a thread: None

Heap address: 0x0000000701000000, size: 4080 MB, Compressed Oops mode: Zero based, Oop shift amount: 3
Narrow klass base: 0x0000000800000000, Narrow klass shift: 0
Compressed class space size: 1073741824 Address: 0x0000000800000000

Heap:
 garbage-first heap   total 262144K, used 15931K [0x0000000701000000, 0x0000000800000000)
  region size 1024K, 17 young (17408K), 3 survivors (3072K)
 Metaspace       used 13725K, capacity 13914K, committed 14080K, reserved 1062912K
  class space    used 902K, capacity 959K, committed 1024K, reserved 1048576K
Heap Regions: E=young(eden), S=young(survivor), O=old, HS=humongous(starts), HC=humongous(continues), CS=collection set, F=free, A=archive, TAMS=top-at-mark-start (previous, next)
|   0|0x0000000701000000, 0x0000000701000000, 0x0000000701100000|  0%| F|  |TAMS 0x0000000701000000, 0x0000000701000000| Untracked 
|   1|0x0000000701100000, 0x0000000701100000, 0x0000000701200000|  0%| F|  |TAMS 0x0000000701100000, 0x0000000701100000| Untracked 
|   2|0x0000000701200000, 0x0000000701200000, 0x0000000701300000|  0%| F|  |TAMS 0x0000000701200000, 0x0000000701200000| Untracked 
|   3|0x0000000701300000, 0x0000000701300000, 0x0000000701400000|  0%| F|  |TAMS 0x0000000701300000, 0x0000000701300000| Untracked 
|   4|0x0000000701400000, 0x0000000701400000, 0x0000000701500000|  0%| F|  |TAMS 0x0000000701400000, 0x0000000701400000| Untracked 
|   5|0x0000000701500000, 0x0000000701500000, 0x0000000701600000|  0%| F|  |TAMS 0x0000000701500000, 0x0000000701500000| Untracked 
|   6|0x0000000701600000, 0x0000000701600000, 0x0000000701700000|  0%| F|  |TAMS 0x0000000701600000, 0x0000000701600000| Untracked 
|   7|0x0000000701700000, 0x0000000701700000, 0x0000000701800000|  0%| F|  |TAMS 0x0000000701700000, 0x0000000701700000| Untracked 
|   8|0x0000000701800000, 0x0000000701800000, 0x0000000701900000|  0%| F|  |TAMS 0x0000000701800000, 0x0000000701800000| Untracked 
|   9|0x0000000701900000, 0x0000000701900000, 0x0000000701a00000|  0%| F|  |TAMS 0x0000000701900000, 0x0000000701900000| Untracked 
|  10|0x0000000701a00000, 0x0000000701a00000, 0x0000000701b00000|  0%| F|  |TAMS 0x0000000701a00000, 0x0000000701a00000| Untracked 
|  11|0x0000000701b00000, 0x0000000701b00000, 0x0000000701c00000|  0%| F|  |TAMS 0x0000000701b00000, 0x0000000701b00000| Untracked 
|  12|0x0000000701c00000, 0x0000000701c00000, 0x0000000701d00000|  0%| F|  |TAMS 0x0000000701c00000, 0x0000000701c00000| Untracked 
|  13|0x0000000701d00000, 0x0000000701d00000, 0x0000000701e00000|  0%| F|  |TAMS 0x0000000701d00000, 0x0000000701d00000| Untracked 
|  14|0x0000000701e00000, 0x0000000701e00000, 0x0000000701f00000|  0%| F|  |TAMS 0x0000000701e00000, 0x0000000701e00000| Untracked 
|  15|0x0000000701f00000, 0x0000000701f00000, 0x0000000702000000|  0%| F|  |TAMS 0x0000000701f00000, 0x0000000701f00000| Untracked 
|  16|0x0000000702000000, 0x0000000702000000, 0x0000000702100000|  0%| F|  |TAMS 0x0000000702000000, 0x0000000702000000| Untracked 
|  17|0x0000000702100000, 0x0000000702100000, 0x0000000702200000|  0%| F|  |TAMS 0x0000000702100000, 0x0000000702100000| Untracked 
|  18|0x0000000702200000, 0x0000000702200000, 0x0000000702300000|  0%| F|  |TAMS 0x0000000702200000, 0x0000000702200000| Untracked 
|  19|0x0000000702300000, 0x0000000702300000, 0x0000000702400000|  0%| F|  |TAMS 0x0000000702300000, 0x0000000702300000| Untracked 
|  20|0x0000000702400000, 0x0000000702400000, 0x0000000702500000|  0%| F|  |TAMS 0x0000000702400000, 0x0000000702400000| Untracked 
|  21|0x0000000702500000, 0x0000000702500000, 0x0000000702600000|  0%| F|  |TAMS 0x0000000702500000, 0x0000000702500000| Untracked 
|  22|0x0000000702600000, 0x0000000702600000, 0x0000000702700000|  0%| F|  |TAMS 0x0000000702600000, 0x0000000702600000| Untracked 
|  23|0x0000000702700000, 0x0000000702700000, 0x0000000702800000|  0%| F|  |TAMS 0x0000000702700000, 0x0000000702700000| Untracked 
|  24|0x0000000702800000, 0x0000000702800000, 0x0000000702900000|  0%| F|  |TAMS 0x0000000702800000, 0x0000000702800000| Untracked 
|  25|0x0000000702900000, 0x0000000702900000, 0x0000000702a00000|  0%| F|  |TAMS 0x0000000702900000, 0x0000000702900000| Untracked 
|  26|0x0000000702a00000, 0x0000000702a00000, 0x0000000702b00000|  0%| F|  |TAMS 0x0000000702a00000, 0x0000000702a00000| Untracked 
|  27|0x0000000702b00000, 0x0000000702b00000, 0x0000000702c00000|  0%| F|  |TAMS 0x0000000702b00000, 0x0000000702b00000| Untracked 
|  28|0x0000000702c00000, 0x0000000702c00000, 0x0000000702d00000|  0%| F|  |TAMS 0x0000000702c00000, 0x0000000702c00000| Untracked 
|  29|0x0000000702d00000, 0x0000000702d00000, 0x0000000702e00000|  0%| F|  |TAMS 0x0000000702d00000, 0x0000000702d00000| Untracked 
|  30|0x0000000702e00000, 0x0000000702e00000, 0x0000000702f00000|  0%| F|  |TAMS 0x0000000702e00000, 0x0000000702e00000| Untracked 
|  31|0x0000000702f00000, 0x0000000702f00000, 0x0000000703000000|  0%| F|  |TAMS 0x0000000702f00000, 0x0000000702f00000| Untracked 
|  32|0x0000000703000000, 0x0000000703000000, 0x0000000703100000|  0%| F|  |TAMS 0x0000000703000000, 0x0000000703000000| Untracked 
|  33|0x0000000703100000, 0x0000000703100000, 0x0000000703200000|  0%| F|  |TAMS 0x0000000703100000, 0x0000000703100000| Untracked 
|  34|0x0000000703200000, 0x0000000703200000, 0x0000000703300000|  0%| F|  |TAMS 0x0000000703200000, 0x0000000703200000| Untracked 
|  35|0x0000000703300000, 0x0000000703300000, 0x0000000703400000|  0%| F|  |TAMS 0x0000000703300000, 0x0000000703300000| Untracked 
|  36|0x0000000703400000, 0x0000000703400000, 0x0000000703500000|  0%| F|  |TAMS 0x0000000703400000, 0x0000000703400000| Untracked 
|  37|0x0000000703500000, 0x0000000703500000, 0x0000000703600000|  0%| F|  |TAMS 0x0000000703500000, 0x0000000703500000| Untracked 
|  38|0x0000000703600000, 0x0000000703600000, 0x0000000703700000|  0%| F|  |TAMS 0x0000000703600000, 0x0000000703600000| Untracked 
|  39|0x0000000703700000, 0x0000000703700000, 0x0000000703800000|  0%| F|  |TAMS 0x0000000703700000, 0x0000000703700000| Untracked 
|  40|0x0000000703800000, 0x0000000703800000, 0x0000000703900000|  0%| F|  |TAMS 0x0000000703800000, 0x0000000703800000| Untracked 
|  41|0x0000000703900000, 0x0000000703900000, 0x0000000703a00000|  0%| F|  |TAMS 0x0000000703900000, 0x0000000703900000| Untracked 
|  42|0x0000000703a00000, 0x0000000703a00000, 0x0000000703b00000|  0%| F|  |TAMS 0x0000000703a00000, 0x0000000703a00000| Untracked 
|  43|0x0000000703b00000, 0x0000000703b00000, 0x0000000703c00000|  0%| F|  |TAMS 0x0000000703b00000, 0x0000000703b00000| Untracked 
|  44|0x0000000703c00000, 0x0000000703c00000, 0x0000000703d00000|  0%| F|  |TAMS 0x0000000703c00000, 0x0000000703c00000| Untracked 
|  45|0x0000000703d00000, 0x0000000703d00000, 0x0000000703e00000|  0%| F|  |TAMS 0x0000000703d00000, 0x0000000703d00000| Untracked 
|  46|0x0000000703e00000, 0x0000000703e00000, 0x0000000703f00000|  0%| F|  |TAMS 0x0000000703e00000, 0x0000000703e00000| Untracked 
|  47|0x0000000703f00000, 0x0000000703f00000, 0x0000000704000000|  0%| F|  |TAMS 0x0000000703f00000, 0x0000000703f00000| Untracked 
|  48|0x0000000704000000, 0x0000000704000000, 0x0000000704100000|  0%| F|  |TAMS 0x0000000704000000, 0x0000000704000000| Untracked 
|  49|0x0000000704100000, 0x0000000704100000, 0x0000000704200000|  0%| F|  |TAMS 0x0000000704100000, 0x0000000704100000| Untracked 
|  50|0x0000000704200000, 0x0000000704200000, 0x0000000704300000|  0%| F|  |TAMS 0x0000000704200000, 0x0000000704200000| Untracked 
|  51|0x0000000704300000, 0x0000000704300000, 0x0000000704400000|  0%| F|  |TAMS 0x0000000704300000, 0x0000000704300000| Untracked 
|  52|0x0000000704400000, 0x0000000704400000, 0x0000000704500000|  0%| F|  |TAMS 0x0000000704400000, 0x0000000704400000| Untracked 
|  53|0x0000000704500000, 0x0000000704500000, 0x0000000704600000|  0%| F|  |TAMS 0x0000000704500000, 0x0000000704500000| Untracked 
|  54|0x0000000704600000, 0x0000000704600000, 0x0000000704700000|  0%| F|  |TAMS 0x0000000704600000, 0x0000000704600000| Untracked 
|  55|0x0000000704700000, 0x0000000704700000, 0x0000000704800000|  0%| F|  |TAMS 0x0000000704700000, 0x0000000704700000| Untracked 
|  56|0x0000000704800000, 0x0000000704800000, 0x0000000704900000|  0%| F|  |TAMS 0x0000000704800000, 0x0000000704800000| Untracked 
|  57|0x0000000704900000, 0x0000000704900000, 0x0000000704a00000|  0%| F|  |TAMS 0x0000000704900000, 0x0000000704900000| Untracked 
|  58|0x0000000704a00000, 0x0000000704a00000, 0x0000000704b00000|  0%| F|  |TAMS 0x0000000704a00000, 0x0000000704a00000| Untracked 
|  59|0x0000000704b00000, 0x0000000704b00000, 0x0000000704c00000|  0%| F|  |TAMS 0x0000000704b00000, 0x0000000704b00000| Untracked 
|  60|0x0000000704c00000, 0x0000000704c00000, 0x0000000704d00000|  0%| F|  |TAMS 0x0000000704c00000, 0x0000000704c00000| Untracked 
|  61|0x0000000704d00000, 0x0000000704d00000, 0x0000000704e00000|  0%| F|  |TAMS 0x0000000704d00000, 0x0000000704d00000| Untracked 
|  62|0x0000000704e00000, 0x0000000704e00000, 0x0000000704f00000|  0%| F|  |TAMS 0x0000000704e00000, 0x0000000704e00000| Untracked 
|  63|0x0000000704f00000, 0x0000000704f00000, 0x0000000705000000|  0%| F|  |TAMS 0x0000000704f00000, 0x0000000704f00000| Untracked 
|  64|0x0000000705000000, 0x0000000705000000, 0x0000000705100000|  0%| F|  |TAMS 0x0000000705000000, 0x0000000705000000| Untracked 
|  65|0x0000000705100000, 0x0000000705100000, 0x0000000705200000|  0%| F|  |TAMS 0x0000000705100000, 0x0000000705100000| Untracked 
|  66|0x0000000705200000, 0x0000000705200000, 0x0000000705300000|  0%| F|  |TAMS 0x0000000705200000, 0x0000000705200000| Untracked 
|  67|0x0000000705300000, 0x0000000705300000, 0x0000000705400000|  0%| F|  |TAMS 0x0000000705300000, 0x0000000705300000| Untracked 
|  68|0x0000000705400000, 0x0000000705400000, 0x0000000705500000|  0%| F|  |TAMS 0x0000000705400000, 0x0000000705400000| Untracked 
|  69|0x0000000705500000, 0x0000000705500000, 0x0000000705600000|  0%| F|  |TAMS 0x0000000705500000, 0x0000000705500000| Untracked 
|  70|0x0000000705600000, 0x0000000705600000, 0x0000000705700000|  0%| F|  |TAMS 0x0000000705600000, 0x0000000705600000| Untracked 
|  71|0x0000000705700000, 0x0000000705700000, 0x0000000705800000|  0%| F|  |TAMS 0x0000000705700000, 0x0000000705700000| Untracked 
|  72|0x0000000705800000, 0x0000000705800000, 0x0000000705900000|  0%| F|  |TAMS 0x0000000705800000, 0x0000000705800000| Untracked 
|  73|0x0000000705900000, 0x0000000705900000, 0x0000000705a00000|  0%| F|  |TAMS 0x0000000705900000, 0x0000000705900000| Untracked 
|  74|0x0000000705a00000, 0x0000000705a00000, 0x0000000705b00000|  0%| F|  |TAMS 0x0000000705a00000, 0x0000000705a00000| Untracked 
|  75|0x0000000705b00000, 0x0000000705b00000, 0x0000000705c00000|  0%| F|  |TAMS 0x0000000705b00000, 0x0000000705b00000| Untracked 
|  76|0x0000000705c00000, 0x0000000705c00000, 0x0000000705d00000|  0%| F|  |TAMS 0x0000000705c00000, 0x0000000705c00000| Untracked 
|  77|0x0000000705d00000, 0x0000000705d00000, 0x0000000705e00000|  0%| F|  |TAMS 0x0000000705d00000, 0x0000000705d00000| Untracked 
|  78|0x0000000705e00000, 0x0000000705e00000, 0x0000000705f00000|  0%| F|  |TAMS 0x0000000705e00000, 0x0000000705e00000| Untracked 
|  79|0x0000000705f00000, 0x0000000705f00000, 0x0000000706000000|  0%| F|  |TAMS 0x0000000705f00000, 0x0000000705f00000| Untracked 
|  80|0x0000000706000000, 0x0000000706000000, 0x0000000706100000|  0%| F|  |TAMS 0x0000000706000000, 0x0000000706000000| Untracked 
|  81|0x0000000706100000, 0x0000000706100000, 0x0000000706200000|  0%| F|  |TAMS 0x0000000706100000, 0x0000000706100000| Untracked 
|  82|0x0000000706200000, 0x0000000706200000, 0x0000000706300000|  0%| F|  |TAMS 0x0000000706200000, 0x0000000706200000| Untracked 
|  83|0x0000000706300000, 0x0000000706300000, 0x0000000706400000|  0%| F|  |TAMS 0x0000000706300000, 0x0000000706300000| Untracked 
|  84|0x0000000706400000, 0x0000000706400000, 0x0000000706500000|  0%| F|  |TAMS 0x0000000706400000, 0x0000000706400000| Untracked 
|  85|0x0000000706500000, 0x0000000706500000, 0x0000000706600000|  0%| F|  |TAMS 0x0000000706500000, 0x0000000706500000| Untracked 
|  86|0x0000000706600000, 0x0000000706600000, 0x0000000706700000|  0%| F|  |TAMS 0x0000000706600000, 0x0000000706600000| Untracked 
|  87|0x0000000706700000, 0x0000000706700000, 0x0000000706800000|  0%| F|  |TAMS 0x0000000706700000, 0x0000000706700000| Untracked 
|  88|0x0000000706800000, 0x0000000706800000, 0x0000000706900000|  0%| F|  |TAMS 0x0000000706800000, 0x0000000706800000| Untracked 
|  89|0x0000000706900000, 0x0000000706900000, 0x0000000706a00000|  0%| F|  |TAMS 0x0000000706900000, 0x0000000706900000| Untracked 
|  90|0x0000000706a00000, 0x0000000706a00000, 0x0000000706b00000|  0%| F|  |TAMS 0x0000000706a00000, 0x0000000706a00000| Untracked 
|  91|0x0000000706b00000, 0x0000000706b00000, 0x0000000706c00000|  0%| F|  |TAMS 0x0000000706b00000, 0x0000000706b00000| Untracked 
|  92|0x0000000706c00000, 0x0000000706c00000, 0x0000000706d00000|  0%| F|  |TAMS 0x0000000706c00000, 0x0000000706c00000| Untracked 
|  93|0x0000000706d00000, 0x0000000706d00000, 0x0000000706e00000|  0%| F|  |TAMS 0x0000000706d00000, 0x0000000706d00000| Untracked 
|  94|0x0000000706e00000, 0x0000000706e00000, 0x0000000706f00000|  0%| F|  |TAMS 0x0000000706e00000, 0x0000000706e00000| Untracked 
|  95|0x0000000706f00000, 0x0000000706f00000, 0x0000000707000000|  0%| F|  |TAMS 0x0000000706f00000, 0x0000000706f00000| Untracked 
|  96|0x0000000707000000, 0x0000000707000000, 0x0000000707100000|  0%| F|  |TAMS 0x0000000707000000, 0x0000000707000000| Untracked 
|  97|0x0000000707100000, 0x0000000707100000, 0x0000000707200000|  0%| F|  |TAMS 0x0000000707100000, 0x0000000707100000| Untracked 
|  98|0x0000000707200000, 0x0000000707200000, 0x0000000707300000|  0%| F|  |TAMS 0x0000000707200000, 0x0000000707200000| Untracked 
|  99|0x0000000707300000, 0x0000000707300000, 0x0000000707400000|  0%| F|  |TAMS 0x0000000707300000, 0x0000000707300000| Untracked 
| 100|0x0000000707400000, 0x0000000707400000, 0x0000000707500000|  0%| F|  |TAMS 0x0000000707400000, 0x0000000707400000| Untracked 
| 101|0x0000000707500000, 0x0000000707500000, 0x0000000707600000|  0%| F|  |TAMS 0x0000000707500000, 0x0000000707500000| Untracked 
| 102|0x0000000707600000, 0x0000000707600000, 0x0000000707700000|  0%| F|  |TAMS 0x0000000707600000, 0x0000000707600000| Untracked 
| 103|0x0000000707700000, 0x0000000707700000, 0x0000000707800000|  0%| F|  |TAMS 0x0000000707700000, 0x0000000707700000| Untracked 
| 104|0x0000000707800000, 0x0000000707800000, 0x0000000707900000|  0%| F|  |TAMS 0x0000000707800000, 0x0000000707800000| Untracked 
| 105|0x0000000707900000, 0x0000000707900000, 0x0000000707a00000|  0%| F|  |TAMS 0x0000000707900000, 0x0000000707900000| Untracked 
| 106|0x0000000707a00000, 0x0000000707a00000, 0x0000000707b00000|  0%| F|  |TAMS 0x0000000707a00000, 0x0000000707a00000| Untracked 
| 107|0x0000000707b00000, 0x0000000707b00000, 0x0000000707c00000|  0%| F|  |TAMS 0x0000000707b00000, 0x0000000707b00000| Untracked 
| 108|0x0000000707c00000, 0x0000000707c00000, 0x0000000707d00000|  0%| F|  |TAMS 0x0000000707c00000, 0x0000000707c00000| Untracked 
| 109|0x0000000707d00000, 0x0000000707d00000, 0x0000000707e00000|  0%| F|  |TAMS 0x0000000707d00000, 0x0000000707d00000| Untracked 
| 110|0x0000000707e00000, 0x0000000707e00000, 0x0000000707f00000|  0%| F|  |TAMS 0x0000000707e00000, 0x0000000707e00000| Untracked 
| 111|0x0000000707f00000, 0x0000000707f00000, 0x0000000708000000|  0%| F|  |TAMS 0x0000000707f00000, 0x0000000707f00000| Untracked 
| 112|0x0000000708000000, 0x0000000708000000, 0x0000000708100000|  0%| F|  |TAMS 0x0000000708000000, 0x0000000708000000| Untracked 
| 113|0x0000000708100000, 0x0000000708100000, 0x0000000708200000|  0%| F|  |TAMS 0x0000000708100000, 0x0000000708100000| Untracked 
| 114|0x0000000708200000, 0x0000000708200000, 0x0000000708300000|  0%| F|  |TAMS 0x0000000708200000, 0x0000000708200000| Untracked 
| 115|0x0000000708300000, 0x0000000708300000, 0x0000000708400000|  0%| F|  |TAMS 0x0000000708300000, 0x0000000708300000| Untracked 
| 116|0x0000000708400000, 0x0000000708400000, 0x0000000708500000|  0%| F|  |TAMS 0x0000000708400000, 0x0000000708400000| Untracked 
| 117|0x0000000708500000, 0x0000000708500000, 0x0000000708600000|  0%| F|  |TAMS 0x0000000708500000, 0x0000000708500000| Untracked 
| 118|0x0000000708600000, 0x0000000708600000, 0x0000000708700000|  0%| F|  |TAMS 0x0000000708600000, 0x0000000708600000| Untracked 
| 119|0x0000000708700000, 0x0000000708700000, 0x0000000708800000|  0%| F|  |TAMS 0x0000000708700000, 0x0000000708700000| Untracked 
| 120|0x0000000708800000, 0x0000000708800000, 0x0000000708900000|  0%| F|  |TAMS 0x0000000708800000, 0x0000000708800000| Untracked 
| 121|0x0000000708900000, 0x0000000708900000, 0x0000000708a00000|  0%| F|  |TAMS 0x0000000708900000, 0x0000000708900000| Untracked 
| 122|0x0000000708a00000, 0x0000000708a00000, 0x0000000708b00000|  0%| F|  |TAMS 0x0000000708a00000, 0x0000000708a00000| Untracked 
| 123|0x0000000708b00000, 0x0000000708b00000, 0x0000000708c00000|  0%| F|  |TAMS 0x0000000708b00000, 0x0000000708b00000| Untracked 
| 124|0x0000000708c00000, 0x0000000708c00000, 0x0000000708d00000|  0%| F|  |TAMS 0x0000000708c00000, 0x0000000708c00000| Untracked 
| 125|0x0000000708d00000, 0x0000000708d00000, 0x0000000708e00000|  0%| F|  |TAMS 0x0000000708d00000, 0x0000000708d00000| Untracked 
| 126|0x0000000708e00000, 0x0000000708e00000, 0x0000000708f00000|  0%| F|  |TAMS 0x0000000708e00000, 0x0000000708e00000| Untracked 
| 127|0x0000000708f00000, 0x0000000708f00000, 0x0000000709000000|  0%| F|  |TAMS 0x0000000708f00000, 0x0000000708f00000| Untracked 
| 128|0x0000000709000000, 0x0000000709000000, 0x0000000709100000|  0%| F|  |TAMS 0x0000000709000000, 0x0000000709000000| Untracked 
| 129|0x0000000709100000, 0x0000000709100000, 0x0000000709200000|  0%| F|  |TAMS 0x0000000709100000, 0x0000000709100000| Untracked 
| 130|0x0000000709200000, 0x0000000709200000, 0x0000000709300000|  0%| F|  |TAMS 0x0000000709200000, 0x0000000709200000| Untracked 
| 131|0x0000000709300000, 0x0000000709300000, 0x0000000709400000|  0%| F|  |TAMS 0x0000000709300000, 0x0000000709300000| Untracked 
| 132|0x0000000709400000, 0x0000000709400000, 0x0000000709500000|  0%| F|  |TAMS 0x0000000709400000, 0x0000000709400000| Untracked 
| 133|0x0000000709500000, 0x0000000709500000, 0x0000000709600000|  0%| F|  |TAMS 0x0000000709500000, 0x0000000709500000| Untracked 
| 134|0x0000000709600000, 0x0000000709600000, 0x0000000709700000|  0%| F|  |TAMS 0x0000000709600000, 0x0000000709600000| Untracked 
| 135|0x0000000709700000, 0x0000000709700000, 0x0000000709800000|  0%| F|  |TAMS 0x0000000709700000, 0x0000000709700000| Untracked 
| 136|0x0000000709800000, 0x0000000709800000, 0x0000000709900000|  0%| F|  |TAMS 0x0000000709800000, 0x0000000709800000| Untracked 
| 137|0x0000000709900000, 0x0000000709900000, 0x0000000709a00000|  0%| F|  |TAMS 0x0000000709900000, 0x0000000709900000| Untracked 
| 138|0x0000000709a00000, 0x0000000709a00000, 0x0000000709b00000|  0%| F|  |TAMS 0x0000000709a00000, 0x0000000709a00000| Untracked 
| 139|0x0000000709b00000, 0x0000000709b00000, 0x0000000709c00000|  0%| F|  |TAMS 0x0000000709b00000, 0x0000000709b00000| Untracked 
| 140|0x0000000709c00000, 0x0000000709c00000, 0x0000000709d00000|  0%| F|  |TAMS 0x0000000709c00000, 0x0000000709c00000| Untracked 
| 141|0x0000000709d00000, 0x0000000709d00000, 0x0000000709e00000|  0%| F|  |TAMS 0x0000000709d00000, 0x0000000709d00000| Untracked 
| 142|0x0000000709e00000, 0x0000000709e00000, 0x0000000709f00000|  0%| F|  |TAMS 0x0000000709e00000, 0x0000000709e00000| Untracked 
| 143|0x0000000709f00000, 0x0000000709f00000, 0x000000070a000000|  0%| F|  |TAMS 0x0000000709f00000, 0x0000000709f00000| Untracked 
| 144|0x000000070a000000, 0x000000070a000000, 0x000000070a100000|  0%| F|  |TAMS 0x000000070a000000, 0x000000070a000000| Untracked 
| 145|0x000000070a100000, 0x000000070a100000, 0x000000070a200000|  0%| F|  |TAMS 0x000000070a100000, 0x000000070a100000| Untracked 
| 146|0x000000070a200000, 0x000000070a200000, 0x000000070a300000|  0%| F|  |TAMS 0x000000070a200000, 0x000000070a200000| Untracked 
| 147|0x000000070a300000, 0x000000070a300000, 0x000000070a400000|  0%| F|  |TAMS 0x000000070a300000, 0x000000070a300000| Untracked 
| 148|0x000000070a400000, 0x000000070a400000, 0x000000070a500000|  0%| F|  |TAMS 0x000000070a400000, 0x000000070a400000| Untracked 
| 149|0x000000070a500000, 0x000000070a500000, 0x000000070a600000|  0%| F|  |TAMS 0x000000070a500000, 0x000000070a500000| Untracked 
| 150|0x000000070a600000, 0x000000070a600000, 0x000000070a700000|  0%| F|  |TAMS 0x000000070a600000, 0x000000070a600000| Untracked 
| 151|0x000000070a700000, 0x000000070a700000, 0x000000070a800000|  0%| F|  |TAMS 0x000000070a700000, 0x000000070a700000| Untracked 
| 152|0x000000070a800000, 0x000000070a800000, 0x000000070a900000|  0%| F|  |TAMS 0x000000070a800000, 0x000000070a800000| Untracked 
| 153|0x000000070a900000, 0x000000070a900000, 0x000000070aa00000|  0%| F|  |TAMS 0x000000070a900000, 0x000000070a900000| Untracked 
| 154|0x000000070aa00000, 0x000000070aa00000, 0x000000070ab00000|  0%| F|  |TAMS 0x000000070aa00000, 0x000000070aa00000| Untracked 
| 155|0x000000070ab00000, 0x000000070ab00000, 0x000000070ac00000|  0%| F|  |TAMS 0x000000070ab00000, 0x000000070ab00000| Untracked 
| 156|0x000000070ac00000, 0x000000070ac00000, 0x000000070ad00000|  0%| F|  |TAMS 0x000000070ac00000, 0x000000070ac00000| Untracked 
| 157|0x000000070ad00000, 0x000000070ad00000, 0x000000070ae00000|  0%| F|  |TAMS 0x000000070ad00000, 0x000000070ad00000| Untracked 
| 158|0x000000070ae00000, 0x000000070ae00000, 0x000000070af00000|  0%| F|  |TAMS 0x000000070ae00000, 0x000000070ae00000| Untracked 
| 159|0x000000070af00000, 0x000000070af00000, 0x000000070b000000|  0%| F|  |TAMS 0x000000070af00000, 0x000000070af00000| Untracked 
| 160|0x000000070b000000, 0x000000070b000000, 0x000000070b100000|  0%| F|  |TAMS 0x000000070b000000, 0x000000070b000000| Untracked 
| 161|0x000000070b100000, 0x000000070b100000, 0x000000070b200000|  0%| F|  |TAMS 0x000000070b100000, 0x000000070b100000| Untracked 
| 162|0x000000070b200000, 0x000000070b200000, 0x000000070b300000|  0%| F|  |TAMS 0x000000070b200000, 0x000000070b200000| Untracked 
| 163|0x000000070b300000, 0x000000070b300000, 0x000000070b400000|  0%| F|  |TAMS 0x000000070b300000, 0x000000070b300000| Untracked 
| 164|0x000000070b400000, 0x000000070b400000, 0x000000070b500000|  0%| F|  |TAMS 0x000000070b400000, 0x000000070b400000| Untracked 
| 165|0x000000070b500000, 0x000000070b500000, 0x000000070b600000|  0%| F|  |TAMS 0x000000070b500000, 0x000000070b500000| Untracked 
| 166|0x000000070b600000, 0x000000070b600000, 0x000000070b700000|  0%| F|  |TAMS 0x000000070b600000, 0x000000070b600000| Untracked 
| 167|0x000000070b700000, 0x000000070b700000, 0x000000070b800000|  0%| F|  |TAMS 0x000000070b700000, 0x000000070b700000| Untracked 
| 168|0x000000070b800000, 0x000000070b800000, 0x000000070b900000|  0%| F|  |TAMS 0x000000070b800000, 0x000000070b800000| Untracked 
| 169|0x000000070b900000, 0x000000070b900000, 0x000000070ba00000|  0%| F|  |TAMS 0x000000070b900000, 0x000000070b900000| Untracked 
| 170|0x000000070ba00000, 0x000000070ba00000, 0x000000070bb00000|  0%| F|  |TAMS 0x000000070ba00000, 0x000000070ba00000| Untracked 
| 171|0x000000070bb00000, 0x000000070bb00000, 0x000000070bc00000|  0%| F|  |TAMS 0x000000070bb00000, 0x000000070bb00000| Untracked 
| 172|0x000000070bc00000, 0x000000070bc00000, 0x000000070bd00000|  0%| F|  |TAMS 0x000000070bc00000, 0x000000070bc00000| Untracked 
| 173|0x000000070bd00000, 0x000000070bd00000, 0x000000070be00000|  0%| F|  |TAMS 0x000000070bd00000, 0x000000070bd00000| Untracked 
| 174|0x000000070be00000, 0x000000070be00000, 0x000000070bf00000|  0%| F|  |TAMS 0x000000070be00000, 0x000000070be00000| Untracked 
| 175|0x000000070bf00000, 0x000000070bf00000, 0x000000070c000000|  0%| F|  |TAMS 0x000000070bf00000, 0x000000070bf00000| Untracked 
| 176|0x000000070c000000, 0x000000070c000000, 0x000000070c100000|  0%| F|  |TAMS 0x000000070c000000, 0x000000070c000000| Untracked 
| 177|0x000000070c100000, 0x000000070c100000, 0x000000070c200000|  0%| F|  |TAMS 0x000000070c100000, 0x000000070c100000| Untracked 
| 178|0x000000070c200000, 0x000000070c200000, 0x000000070c300000|  0%| F|  |TAMS 0x000000070c200000, 0x000000070c200000| Untracked 
| 179|0x000000070c300000, 0x000000070c300000, 0x000000070c400000|  0%| F|  |TAMS 0x000000070c300000, 0x000000070c300000| Untracked 
| 180|0x000000070c400000, 0x000000070c400000, 0x000000070c500000|  0%| F|  |TAMS 0x000000070c400000, 0x000000070c400000| Untracked 
| 181|0x000000070c500000, 0x000000070c500000, 0x000000070c600000|  0%| F|  |TAMS 0x000000070c500000, 0x000000070c500000| Untracked 
| 182|0x000000070c600000, 0x000000070c600000, 0x000000070c700000|  0%| F|  |TAMS 0x000000070c600000, 0x000000070c600000| Untracked 
| 183|0x000000070c700000, 0x000000070c700000, 0x000000070c800000|  0%| F|  |TAMS 0x000000070c700000, 0x000000070c700000| Untracked 
| 184|0x000000070c800000, 0x000000070c800000, 0x000000070c900000|  0%| F|  |TAMS 0x000000070c800000, 0x000000070c800000| Untracked 
| 185|0x000000070c900000, 0x000000070c900000, 0x000000070ca00000|  0%| F|  |TAMS 0x000000070c900000, 0x000000070c900000| Untracked 
| 186|0x000000070ca00000, 0x000000070ca00000, 0x000000070cb00000|  0%| F|  |TAMS 0x000000070ca00000, 0x000000070ca00000| Untracked 
| 187|0x000000070cb00000, 0x000000070cb00000, 0x000000070cc00000|  0%| F|  |TAMS 0x000000070cb00000, 0x000000070cb00000| Untracked 
| 188|0x000000070cc00000, 0x000000070cc00000, 0x000000070cd00000|  0%| F|  |TAMS 0x000000070cc00000, 0x000000070cc00000| Untracked 
| 189|0x000000070cd00000, 0x000000070cd00000, 0x000000070ce00000|  0%| F|  |TAMS 0x000000070cd00000, 0x000000070cd00000| Untracked 
| 190|0x000000070ce00000, 0x000000070ce00000, 0x000000070cf00000|  0%| F|  |TAMS 0x000000070ce00000, 0x000000070ce00000| Untracked 
| 191|0x000000070cf00000, 0x000000070cf00000, 0x000000070d000000|  0%| F|  |TAMS 0x000000070cf00000, 0x000000070cf00000| Untracked 
| 192|0x000000070d000000, 0x000000070d000000, 0x000000070d100000|  0%| F|  |TAMS 0x000000070d000000, 0x000000070d000000| Untracked 
| 193|0x000000070d100000, 0x000000070d100000, 0x000000070d200000|  0%| F|  |TAMS 0x000000070d100000, 0x000000070d100000| Untracked 
| 194|0x000000070d200000, 0x000000070d200000, 0x000000070d300000|  0%| F|  |TAMS 0x000000070d200000, 0x000000070d200000| Untracked 
| 195|0x000000070d300000, 0x000000070d300000, 0x000000070d400000|  0%| F|  |TAMS 0x000000070d300000, 0x000000070d300000| Untracked 
| 196|0x000000070d400000, 0x000000070d400000, 0x000000070d500000|  0%| F|  |TAMS 0x000000070d400000, 0x000000070d400000| Untracked 
| 197|0x000000070d500000, 0x000000070d500000, 0x000000070d600000|  0%| F|  |TAMS 0x000000070d500000, 0x000000070d500000| Untracked 
| 198|0x000000070d600000, 0x000000070d600000, 0x000000070d700000|  0%| F|  |TAMS 0x000000070d600000, 0x000000070d600000| Untracked 
| 199|0x000000070d700000, 0x000000070d700000, 0x000000070d800000|  0%| F|  |TAMS 0x000000070d700000, 0x000000070d700000| Untracked 
| 200|0x000000070d800000, 0x000000070d800000, 0x000000070d900000|  0%| F|  |TAMS 0x000000070d800000, 0x000000070d800000| Untracked 
| 201|0x000000070d900000, 0x000000070d900000, 0x000000070da00000|  0%| F|  |TAMS 0x000000070d900000, 0x000000070d900000| Untracked 
| 202|0x000000070da00000, 0x000000070da00000, 0x000000070db00000|  0%| F|  |TAMS 0x000000070da00000, 0x000000070da00000| Untracked 
| 203|0x000000070db00000, 0x000000070db00000, 0x000000070dc00000|  0%| F|  |TAMS 0x000000070db00000, 0x000000070db00000| Untracked 
| 204|0x000000070dc00000, 0x000000070dc00000, 0x000000070dd00000|  0%| F|  |TAMS 0x000000070dc00000, 0x000000070dc00000| Untracked 
| 205|0x000000070dd00000, 0x000000070dd00000, 0x000000070de00000|  0%| F|  |TAMS 0x000000070dd00000, 0x000000070dd00000| Untracked 
| 206|0x000000070de00000, 0x000000070de00000, 0x000000070df00000|  0%| F|  |TAMS 0x000000070de00000, 0x000000070de00000| Untracked 
| 207|0x000000070df00000, 0x000000070df00000, 0x000000070e000000|  0%| F|  |TAMS 0x000000070df00000, 0x000000070df00000| Untracked 
| 208|0x000000070e000000, 0x000000070e000000, 0x000000070e100000|  0%| F|  |TAMS 0x000000070e000000, 0x000000070e000000| Untracked 
| 209|0x000000070e100000, 0x000000070e100000, 0x000000070e200000|  0%| F|  |TAMS 0x000000070e100000, 0x000000070e100000| Untracked 
| 210|0x000000070e200000, 0x000000070e200000, 0x000000070e300000|  0%| F|  |TAMS 0x000000070e200000, 0x000000070e200000| Untracked 
| 211|0x000000070e300000, 0x000000070e300000, 0x000000070e400000|  0%| F|  |TAMS 0x000000070e300000, 0x000000070e300000| Untracked 
| 212|0x000000070e400000, 0x000000070e400000, 0x000000070e500000|  0%| F|  |TAMS 0x000000070e400000, 0x000000070e400000| Untracked 
| 213|0x000000070e500000, 0x000000070e500000, 0x000000070e600000|  0%| F|  |TAMS 0x000000070e500000, 0x000000070e500000| Untracked 
| 214|0x000000070e600000, 0x000000070e600000, 0x000000070e700000|  0%| F|  |TAMS 0x000000070e600000, 0x000000070e600000| Untracked 
| 215|0x000000070e700000, 0x000000070e700000, 0x000000070e800000|  0%| F|  |TAMS 0x000000070e700000, 0x000000070e700000| Untracked 
| 216|0x000000070e800000, 0x000000070e800000, 0x000000070e900000|  0%| F|  |TAMS 0x000000070e800000, 0x000000070e800000| Untracked 
| 217|0x000000070e900000, 0x000000070e900000, 0x000000070ea00000|  0%| F|  |TAMS 0x000000070e900000, 0x000000070e900000| Untracked 
| 218|0x000000070ea00000, 0x000000070ea00000, 0x000000070eb00000|  0%| F|  |TAMS 0x000000070ea00000, 0x000000070ea00000| Untracked 
| 219|0x000000070eb00000, 0x000000070eb00000, 0x000000070ec00000|  0%| F|  |TAMS 0x000000070eb00000, 0x000000070eb00000| Untracked 
| 220|0x000000070ec00000, 0x000000070ec00000, 0x000000070ed00000|  0%| F|  |TAMS 0x000000070ec00000, 0x000000070ec00000| Untracked 
| 221|0x000000070ed00000, 0x000000070ed00000, 0x000000070ee00000|  0%| F|  |TAMS 0x000000070ed00000, 0x000000070ed00000| Untracked 
| 222|0x000000070ee00000, 0x000000070ee00000, 0x000000070ef00000|  0%| F|  |TAMS 0x000000070ee00000, 0x000000070ee00000| Untracked 
| 223|0x000000070ef00000, 0x000000070ef00000, 0x000000070f000000|  0%| F|  |TAMS 0x000000070ef00000, 0x000000070ef00000| Untracked 
| 224|0x000000070f000000, 0x000000070f000000, 0x000000070f100000|  0%| F|  |TAMS 0x000000070f000000, 0x000000070f000000| Untracked 
| 225|0x000000070f100000, 0x000000070f100000, 0x000000070f200000|  0%| F|  |TAMS 0x000000070f100000, 0x000000070f100000| Untracked 
| 226|0x000000070f200000, 0x000000070f200000, 0x000000070f300000|  0%| F|  |TAMS 0x000000070f200000, 0x000000070f200000| Untracked 
| 227|0x000000070f300000, 0x000000070f300000, 0x000000070f400000|  0%| F|  |TAMS 0x000000070f300000, 0x000000070f300000| Untracked 
| 228|0x000000070f400000, 0x000000070f400000, 0x000000070f500000|  0%| F|  |TAMS 0x000000070f400000, 0x000000070f400000| Untracked 
| 229|0x000000070f500000, 0x000000070f58ed98, 0x000000070f600000| 55%| S|CS|TAMS 0x000000070f500000, 0x000000070f500000| Complete 
| 230|0x000000070f600000, 0x000000070f700000, 0x000000070f700000|100%| S|CS|TAMS 0x000000070f600000, 0x000000070f600000| Complete 
| 231|0x000000070f700000, 0x000000070f800000, 0x000000070f800000|100%| S|CS|TAMS 0x000000070f700000, 0x000000070f700000| Complete 
| 232|0x000000070f800000, 0x000000070f800000, 0x000000070f900000|  0%| F|  |TAMS 0x000000070f800000, 0x000000070f800000| Untracked 
| 233|0x000000070f900000, 0x000000070f900000, 0x000000070fa00000|  0%| F|  |TAMS 0x000000070f900000, 0x000000070f900000| Untracked 
| 234|0x000000070fa00000, 0x000000070fa00000, 0x000000070fb00000|  0%| F|  |TAMS 0x000000070fa00000, 0x000000070fa00000| Untracked 
| 235|0x000000070fb00000, 0x000000070fb00000, 0x000000070fc00000|  0%| F|  |TAMS 0x000000070fb00000, 0x000000070fb00000| Untracked 
| 236|0x000000070fc00000, 0x000000070fc00000, 0x000000070fd00000|  0%| F|  |TAMS 0x000000070fc00000, 0x000000070fc00000| Untracked 
| 237|0x000000070fd00000, 0x000000070fd00000, 0x000000070fe00000|  0%| F|  |TAMS 0x000000070fd00000, 0x000000070fd00000| Untracked 
| 238|0x000000070fe00000, 0x000000070fe00000, 0x000000070ff00000|  0%| F|  |TAMS 0x000000070fe00000, 0x000000070fe00000| Untracked 
| 239|0x000000070ff00000, 0x000000070ff00000, 0x0000000710000000|  0%| F|  |TAMS 0x000000070ff00000, 0x000000070ff00000| Untracked 
| 240|0x0000000710000000, 0x0000000710000000, 0x0000000710100000|  0%| F|  |TAMS 0x0000000710000000, 0x0000000710000000| Untracked 
| 241|0x0000000710100000, 0x0000000710100000, 0x0000000710200000|  0%| F|  |TAMS 0x0000000710100000, 0x0000000710100000| Untracked 
| 242|0x0000000710200000, 0x0000000710280800, 0x0000000710300000| 50%| E|  |TAMS 0x0000000710200000, 0x0000000710200000| Complete 
| 243|0x0000000710300000, 0x0000000710400000, 0x0000000710400000|100%| E|CS|TAMS 0x0000000710300000, 0x0000000710300000| Complete 
| 244|0x0000000710400000, 0x0000000710500000, 0x0000000710500000|100%| E|CS|TAMS 0x0000000710400000, 0x0000000710400000| Complete 
| 245|0x0000000710500000, 0x0000000710600000, 0x0000000710600000|100%| E|CS|TAMS 0x0000000710500000, 0x0000000710500000| Complete 
| 246|0x0000000710600000, 0x0000000710700000, 0x0000000710700000|100%| E|CS|TAMS 0x0000000710600000, 0x0000000710600000| Complete 
| 247|0x0000000710700000, 0x0000000710800000, 0x0000000710800000|100%| E|CS|TAMS 0x0000000710700000, 0x0000000710700000| Complete 
| 248|0x0000000710800000, 0x0000000710900000, 0x0000000710900000|100%| E|CS|TAMS 0x0000000710800000, 0x0000000710800000| Complete 
| 249|0x0000000710900000, 0x0000000710a00000, 0x0000000710a00000|100%| E|CS|TAMS 0x0000000710900000, 0x0000000710900000| Complete 
| 250|0x0000000710a00000, 0x0000000710b00000, 0x0000000710b00000|100%| E|CS|TAMS 0x0000000710a00000, 0x0000000710a00000| Complete 
| 251|0x0000000710b00000, 0x0000000710c00000, 0x0000000710c00000|100%| E|CS|TAMS 0x0000000710b00000, 0x0000000710b00000| Complete 
| 252|0x0000000710c00000, 0x0000000710d00000, 0x0000000710d00000|100%| E|CS|TAMS 0x0000000710c00000, 0x0000000710c00000| Complete 
| 253|0x0000000710d00000, 0x0000000710e00000, 0x0000000710e00000|100%| E|CS|TAMS 0x0000000710d00000, 0x0000000710d00000| Complete 
| 254|0x0000000710e00000, 0x0000000710f00000, 0x0000000710f00000|100%| E|CS|TAMS 0x0000000710e00000, 0x0000000710e00000| Complete 
| 255|0x0000000710f00000, 0x0000000711000000, 0x0000000711000000|100%| E|CS|TAMS 0x0000000710f00000, 0x0000000710f00000| Complete 

Card table byte_map: [0x000001efbbd10000,0x000001efbc510000] _byte_map_base: 0x000001efb8508000

Marking Bits (Prev, Next): (CMBitMap*) 0x000001efa39bf5d8, (CMBitMap*) 0x000001efa39bf610
 Prev Bits: [0x000001efbcd10000, 0x000001efc0cd0000)
 Next Bits: [0x000001efc0cd0000, 0x000001efc4c90000)

Polling page: 0x000001efa18c0000

Metaspace:

Usage:
  Non-class:     12.65 MB capacity,    12.52 MB ( 99%) used,   118.06 KB ( <1%) free+waste,    13.94 KB ( <1%) overhead. 
      Class:    959.00 KB capacity,   902.12 KB ( 94%) used,    52.32 KB (  5%) free+waste,     4.56 KB ( <1%) overhead. 
       Both:     13.59 MB capacity,    13.40 MB ( 99%) used,   170.38 KB (  1%) free+waste,    18.50 KB ( <1%) overhead. 

Virtual space:
  Non-class space:       14.00 MB reserved,      12.75 MB ( 91%) committed 
      Class space:        1.00 GB reserved,       1.00 MB ( <1%) committed 
             Both:        1.01 GB reserved,      13.75 MB (  1%) committed 

Chunk freelists:
   Non-Class:  12.63 KB
       Class:  128 bytes
        Both:  12.75 KB

CodeHeap 'non-profiled nmethods': size=119168Kb used=353Kb max_used=353Kb free=118814Kb
 bounds [0x000001efb3830000, 0x000001efb3aa0000, 0x000001efbac90000]
CodeHeap 'profiled nmethods': size=119168Kb used=1878Kb max_used=1878Kb free=117290Kb
 bounds [0x000001efac3d0000, 0x000001efac640000, 0x000001efb3830000]
CodeHeap 'non-nmethods': size=7424Kb used=2056Kb max_used=2062Kb free=5367Kb
 bounds [0x000001efabc90000, 0x000001efabf10000, 0x000001efac3d0000]
 total_blobs=2196 nmethods=954 adapters=919
 compilation: enabled
              stopped_count=0, restarted_count=0
 full_count=0

Compilation events (10 events):
Event: 1.418 Thread 0x000001efc89c5800 nmethod 948 0x000001efac5a1f10 code [0x000001efac5a20e0, 0x000001efac5a23b8]
Event: 1.418 Thread 0x000001efc89c5800  950       3       sun.nio.cs.SingleByte$Decoder::decode (11 bytes)
Event: 1.418 Thread 0x000001efc8737000 nmethod 949 0x000001efac5a2490 code [0x000001efac5a2640, 0x000001efac5a2898]
Event: 1.418 Thread 0x000001efc89c5800 nmethod 950 0x000001efac5a2910 code [0x000001efac5a2ac0, 0x000001efac5a2c58]
Event: 1.419 Thread 0x000001efc8737000  953       3       sun.invoke.util.Wrapper::forPrimitiveType (49 bytes)
Event: 1.419 Thread 0x000001efc89c5800  952       3       jdk.internal.org.objectweb.asm.ClassWriter::newClass (11 bytes)
Event: 1.420 Thread 0x000001efc89c5800 nmethod 952 0x000001efac5a2d10 code [0x000001efac5a2ee0, 0x000001efac5a3090]
Event: 1.420 Thread 0x000001efc89c5800  954       3       java.lang.invoke.LambdaForm::forceInterpretation (14 bytes)
Event: 1.420 Thread 0x000001efc89c5800 nmethod 954 0x000001efac5a3190 code [0x000001efac5a3340, 0x000001efac5a34f8]
Event: 1.421 Thread 0x000001efc8737000 nmethod 953 0x000001efac5a3590 code [0x000001efac5a3940, 0x000001efac5a4fd0]

GC Heap History (2 events):
Event: 1.252 GC heap before
{Heap before GC invocations=0 (full 0):
 garbage-first heap   total 262144K, used 23552K [0x0000000701000000, 0x0000000800000000)
  region size 1024K, 24 young (24576K), 0 survivors (0K)
 Metaspace       used 10719K, capacity 10967K, committed 11136K, reserved 1058816K
  class space    used 774K, capacity 830K, committed 896K, reserved 1048576K
}
Event: 1.255 GC heap after
{Heap after GC invocations=1 (full 0):
 garbage-first heap   total 262144K, used 2619K [0x0000000701000000, 0x0000000800000000)
  region size 1024K, 3 young (3072K), 3 survivors (3072K)
 Metaspace       used 10719K, capacity 10967K, committed 11136K, reserved 1058816K
  class space    used 774K, capacity 830K, committed 896K, reserved 1048576K
}

Deoptimization events (10 events):
Event: 0.361 Thread 0x000001efa395a800 Uncommon trap: reason=unstable_if action=reinterpret pc=0x000001efb3858dbc method=java.lang.StringLatin1.indexOf([BI[BII)I @ 80 c2
Event: 0.362 Thread 0x000001efa395a800 Uncommon trap: reason=unstable_if action=reinterpret pc=0x000001efb385341c method=java.lang.String.startsWith(Ljava/lang/String;I)Z @ 14 c2
Event: 0.382 Thread 0x000001efa395a800 Uncommon trap: reason=unstable_if action=reinterpret pc=0x000001efb3844700 method=java.io.WinNTFileSystem.isSlash(C)Z @ 9 c2
Event: 0.382 Thread 0x000001efa395a800 Uncommon trap: reason=class_check action=maybe_recompile pc=0x000001efb3859afc method=java.util.HashMap.getNode(ILjava/lang/Object;)Ljava/util/HashMap$Node; @ 59 c2
Event: 0.388 Thread 0x000001efa395a800 Uncommon trap: reason=class_check action=maybe_recompile pc=0x000001efb3859afc method=java.util.HashMap.getNode(ILjava/lang/Object;)Ljava/util/HashMap$Node; @ 59 c2
Event: 0.397 Thread 0x000001efa395a800 Uncommon trap: reason=unstable_if action=reinterpret pc=0x000001efb38471dc method=sun.nio.fs.WindowsPathParser.isSlash(C)Z @ 9 c2
Event: 0.426 Thread 0x000001efa395a800 Uncommon trap: reason=class_check action=maybe_recompile pc=0x000001efb3859afc method=java.util.HashMap.getNode(ILjava/lang/Object;)Ljava/util/HashMap$Node; @ 59 c2
Event: 0.449 Thread 0x000001efa395a800 Uncommon trap: reason=class_check action=maybe_recompile pc=0x000001efb3859b94 method=java.util.HashMap.getNode(ILjava/lang/Object;)Ljava/util/HashMap$Node; @ 126 c2
Event: 1.125 Thread 0x000001efa395a800 Uncommon trap: reason=class_check action=maybe_recompile pc=0x000001efb3859afc method=java.util.HashMap.getNode(ILjava/lang/Object;)Ljava/util/HashMap$Node; @ 59 c2
Event: 1.161 Thread 0x000001efa395a800 Uncommon trap: reason=unstable_if action=reinterpret pc=0x000001efb386ff3c method=java.util.jar.JarFile.getVersionedEntry(Ljava/lang/String;Ljava/util/jar/JarEntry;)Ljava/util/jar/JarEntry; @ 67 c2

Classes redefined (0 events):
No events

Internal exceptions (10 events):
Event: 1.341 Thread 0x000001efa395a800 Exception <a 'java/security/PrivilegedActionException'{0x00000007107e98d8}> (0x00000007107e98d8) thrown at [t:/workspace/open/src/hotspot/share/prims/jvm.cpp, line 1307]
Event: 1.341 Thread 0x000001efa395a800 Exception <a 'java/security/PrivilegedActionException'{0x00000007107f4688}> (0x00000007107f4688) thrown at [t:/workspace/open/src/hotspot/share/prims/jvm.cpp, line 1307]
Event: 1.341 Thread 0x000001efa395a800 Exception <a 'java/security/PrivilegedActionException'{0x00000007107f4958}> (0x00000007107f4958) thrown at [t:/workspace/open/src/hotspot/share/prims/jvm.cpp, line 1307]
Event: 1.419 Thread 0x000001efa395a800 Exception <a 'java/security/PrivilegedActionException'{0x000000071024e2d0}> (0x000000071024e2d0) thrown at [t:/workspace/open/src/hotspot/share/prims/jvm.cpp, line 1307]
Event: 1.419 Thread 0x000001efa395a800 Exception <a 'java/security/PrivilegedActionException'{0x000000071024e5a0}> (0x000000071024e5a0) thrown at [t:/workspace/open/src/hotspot/share/prims/jvm.cpp, line 1307]
Event: 1.419 Thread 0x000001efa395a800 Exception <a 'java/security/PrivilegedActionException'{0x000000071024fc50}> (0x000000071024fc50) thrown at [t:/workspace/open/src/hotspot/share/prims/jvm.cpp, line 1307]
Event: 1.419 Thread 0x000001efa395a800 Exception <a 'java/security/PrivilegedActionException'{0x000000071024ff20}> (0x000000071024ff20) thrown at [t:/workspace/open/src/hotspot/share/prims/jvm.cpp, line 1307]
Event: 1.419 Thread 0x000001efa395a800 Exception <a 'java/security/PrivilegedActionException'{0x000000071025aa90}> (0x000000071025aa90) thrown at [t:/workspace/open/src/hotspot/share/prims/jvm.cpp, line 1307]
Event: 1.419 Thread 0x000001efa395a800 Exception <a 'java/security/PrivilegedActionException'{0x000000071025ad60}> (0x000000071025ad60) thrown at [t:/workspace/open/src/hotspot/share/prims/jvm.cpp, line 1307]
Event: 1.491 Thread 0x000001efa395a800 Implicit null exception at 0x000001efac537e14 to 0x0000000000000000

Events (10 events):
Event: 1.418 loading class org/lwjgl/system/APIUtil$Encoder
Event: 1.418 loading class org/lwjgl/system/APIUtil$Encoder done
Event: 1.419 Executing VM operation: RevokeBias
Event: 1.419 Executing VM operation: RevokeBias done
Event: 1.489 loading class org/joml/Runtime
Event: 1.489 loading class org/joml/Runtime done
Event: 1.490 loading class java/lang/NumberFormatException
Event: 1.490 loading class java/lang/NumberFormatException done
Event: 1.491 loading class java/nio/HeapFloatBuffer
Event: 1.491 loading class java/nio/HeapFloatBuffer done


Dynamic libraries:
0x00007ff614120000 - 0x00007ff614167000 	C:\Program Files\Java\jdk-11.0.4\bin\java.exe
0x00007ffc707c0000 - 0x00007ffc709b0000 	C:\WINDOWS\SYSTEM32\ntdll.dll
0x00007ffc39d10000 - 0x00007ffc39d25000 	C:\Program Files\AVAST Software\Avast\aswhook.dll
0x00007ffc6eea0000 - 0x00007ffc6ef52000 	C:\WINDOWS\System32\KERNEL32.DLL
0x00007ffc6d750000 - 0x00007ffc6d9f3000 	C:\WINDOWS\System32\KERNELBASE.dll
0x00007ffc6e8b0000 - 0x00007ffc6e953000 	C:\WINDOWS\System32\ADVAPI32.dll
0x00007ffc6ee00000 - 0x00007ffc6ee9e000 	C:\WINDOWS\System32\msvcrt.dll
0x00007ffc6ed00000 - 0x00007ffc6ed97000 	C:\WINDOWS\System32\sechost.dll
0x00007ffc6eb10000 - 0x00007ffc6ec30000 	C:\WINDOWS\System32\RPCRT4.dll
0x00007ffc702e0000 - 0x00007ffc70474000 	C:\WINDOWS\System32\USER32.dll
0x00007ffc6e7f0000 - 0x00007ffc6e811000 	C:\WINDOWS\System32\win32u.dll
0x00007ffc6e880000 - 0x00007ffc6e8a6000 	C:\WINDOWS\System32\GDI32.dll
0x00007ffc6dbc0000 - 0x00007ffc6dd54000 	C:\WINDOWS\System32\gdi32full.dll
0x00007ffc6dfb0000 - 0x00007ffc6e04e000 	C:\WINDOWS\System32\msvcp_win.dll
0x00007ffc6dd60000 - 0x00007ffc6de5a000 	C:\WINDOWS\System32\ucrtbase.dll
0x00007ffc5bc80000 - 0x00007ffc5bf05000 	C:\WINDOWS\WinSxS\amd64_microsoft.windows.common-controls_6595b64144ccf1df_6.0.18362.778_none_e6c6b761130d4fb8\COMCTL32.dll
0x00007ffc6f180000 - 0x00007ffc6f4b6000 	C:\WINDOWS\System32\combase.dll
0x00007ffc6db40000 - 0x00007ffc6dbc0000 	C:\WINDOWS\System32\bcryptPrimitives.dll
0x00007ffc695c0000 - 0x00007ffc695ca000 	C:\WINDOWS\SYSTEM32\VERSION.dll
0x00007ffc6f540000 - 0x00007ffc6f56e000 	C:\WINDOWS\System32\IMM32.DLL
0x00007ffc60ff0000 - 0x00007ffc61006000 	C:\Program Files\Java\jdk-11.0.4\bin\vcruntime140.dll
0x00007ffc51c90000 - 0x00007ffc51d3a000 	C:\Program Files\Java\jdk-11.0.4\bin\msvcp140.dll
0x00007ffbfbb00000 - 0x00007ffbfc627000 	C:\Program Files\Java\jdk-11.0.4\bin\server\jvm.dll
0x00007ffc6e870000 - 0x00007ffc6e878000 	C:\WINDOWS\System32\PSAPI.DLL
0x00007ffc5b460000 - 0x00007ffc5b469000 	C:\WINDOWS\SYSTEM32\WSOCK32.dll
0x00007ffc6ef60000 - 0x00007ffc6efcf000 	C:\WINDOWS\System32\WS2_32.dll
0x00007ffc63be0000 - 0x00007ffc63c04000 	C:\WINDOWS\SYSTEM32\WINMM.dll
0x00007ffc63bb0000 - 0x00007ffc63bdd000 	C:\WINDOWS\SYSTEM32\WINMMBASE.dll
0x00007ffc6e820000 - 0x00007ffc6e86a000 	C:\WINDOWS\System32\cfgmgr32.dll
0x00007ffc6d730000 - 0x00007ffc6d741000 	C:\WINDOWS\System32\kernel.appcore.dll
0x00007ffc5d240000 - 0x00007ffc5d251000 	C:\Program Files\Java\jdk-11.0.4\bin\verify.dll
0x00007ffc68350000 - 0x00007ffc68544000 	C:\WINDOWS\SYSTEM32\DBGHELP.DLL
0x00007ffc68190000 - 0x00007ffc681ba000 	C:\WINDOWS\SYSTEM32\dbgcore.DLL
0x00007ffc5c880000 - 0x00007ffc5c8a9000 	C:\Program Files\Java\jdk-11.0.4\bin\java.dll
0x00007ffc5cbd0000 - 0x00007ffc5cbe6000 	C:\Program Files\Java\jdk-11.0.4\bin\zip.dll
0x00007ffc65760000 - 0x00007ffc6576a000 	C:\Program Files\Java\jdk-11.0.4\bin\jimage.dll
0x00007ffc6fb20000 - 0x00007ffc70205000 	C:\WINDOWS\System32\SHELL32.dll
0x00007ffc6ec50000 - 0x00007ffc6ecf9000 	C:\WINDOWS\System32\shcore.dll
0x00007ffc6e070000 - 0x00007ffc6e7f0000 	C:\WINDOWS\System32\windows.storage.dll
0x00007ffc6d700000 - 0x00007ffc6d723000 	C:\WINDOWS\System32\profapi.dll
0x00007ffc6d690000 - 0x00007ffc6d6da000 	C:\WINDOWS\System32\powrprof.dll
0x00007ffc6d680000 - 0x00007ffc6d690000 	C:\WINDOWS\System32\UMPDC.dll
0x00007ffc6efd0000 - 0x00007ffc6f022000 	C:\WINDOWS\System32\shlwapi.dll
0x00007ffc6e050000 - 0x00007ffc6e067000 	C:\WINDOWS\System32\cryptsp.dll
0x00007ffc55df0000 - 0x00007ffc55e09000 	C:\Program Files\Java\jdk-11.0.4\bin\net.dll
0x00007ffc680a0000 - 0x00007ffc68190000 	C:\WINDOWS\SYSTEM32\WINHTTP.dll
0x00007ffc5fe10000 - 0x00007ffc5ffe5000 	C:\WINDOWS\SYSTEM32\urlmon.dll
0x00007ffc60b00000 - 0x00007ffc60da6000 	C:\WINDOWS\SYSTEM32\iertutil.dll
0x00007ffc6d0c0000 - 0x00007ffc6d0cc000 	C:\WINDOWS\SYSTEM32\CRYPTBASE.DLL
0x00007ffc6cef0000 - 0x00007ffc6cf57000 	C:\WINDOWS\system32\mswsock.dll
0x00007ffc52730000 - 0x00007ffc52743000 	C:\Program Files\Java\jdk-11.0.4\bin\nio.dll
0x00007ffc4c770000 - 0x00007ffc4c7d4000 	C:\Users\nilsi\AppData\Local\Temp\lwjglNilsiker\3.2.3-build-13\lwjgl.dll
0x00007ffc01830000 - 0x00007ffc01a83000 	C:\Users\nilsi\AppData\Local\Temp\lwjglNilsiker\3.2.3-build-13\jemalloc.dll
0x00007ffc46cb0000 - 0x00007ffc46d12000 	C:\Users\nilsi\AppData\Local\Temp\lwjglNilsiker\3.2.3-build-13\glfw.dll
0x00007ffc6b960000 - 0x00007ffc6b9f9000 	C:\WINDOWS\system32\uxtheme.dll
0x00007ffc3df00000 - 0x00007ffc3df43000 	C:\WINDOWS\SYSTEM32\dinput8.dll
0x00007ffc42c00000 - 0x00007ffc42c11000 	C:\WINDOWS\SYSTEM32\xinput1_4.dll
0x00007ffc6d480000 - 0x00007ffc6d4aa000 	C:\WINDOWS\SYSTEM32\DEVOBJ.dll
0x00007ffc6be20000 - 0x00007ffc6be4d000 	C:\WINDOWS\SYSTEM32\dwmapi.dll
0x00007ffc62090000 - 0x00007ffc621aa000 	C:\WINDOWS\SYSTEM32\inputhost.dll
0x00007ffc6b610000 - 0x00007ffc6b6e4000 	C:\WINDOWS\SYSTEM32\CoreMessaging.dll
0x00007ffc635b0000 - 0x00007ffc638da000 	C:\WINDOWS\SYSTEM32\CoreUIComponents.dll
0x00007ffc67ea0000 - 0x00007ffc67f8f000 	C:\WINDOWS\SYSTEM32\PROPSYS.dll
0x00007ffc70210000 - 0x00007ffc702d4000 	C:\WINDOWS\System32\OLEAUT32.dll
0x00007ffc69040000 - 0x00007ffc69193000 	C:\WINDOWS\SYSTEM32\wintypes.dll
0x00007ffc6c7f0000 - 0x00007ffc6c821000 	C:\WINDOWS\SYSTEM32\ntmarta.dll
0x00007ffc70480000 - 0x00007ffc705b6000 	C:\WINDOWS\System32\MSCTF.dll
0x00007ffc6c290000 - 0x00007ffc6c29e000 	C:\WINDOWS\SYSTEM32\HID.DLL
0x00007ffc6f5e0000 - 0x00007ffc6fa50000 	C:\WINDOWS\System32\SETUPAPI.DLL
0x00007ffc6da00000 - 0x00007ffc6da26000 	C:\WINDOWS\System32\bcrypt.dll
0x00007ffc6dae0000 - 0x00007ffc6db3c000 	C:\WINDOWS\System32\WINTRUST.dll
0x00007ffc6d6e0000 - 0x00007ffc6d6f2000 	C:\WINDOWS\System32\MSASN1.dll
0x00007ffc6de60000 - 0x00007ffc6dfa9000 	C:\WINDOWS\System32\CRYPT32.dll
0x00007ffc33130000 - 0x00007ffc33286000 	C:\WINDOWS\SYSTEM32\opengl32.dll
0x00007ffc41f10000 - 0x00007ffc41f3c000 	C:\WINDOWS\SYSTEM32\GLU32.dll
0x00007ffc6c2f0000 - 0x00007ffc6c310000 	C:\WINDOWS\SYSTEM32\dxcore.dll
0x00007ffbe3dc0000 - 0x00007ffbe6498000 	C:\WINDOWS\System32\DriverStore\FileRepository\nv_dispi.inf_amd64_77e6900053c33f6f\nvoglv64.dll
0x00007ffc705c0000 - 0x00007ffc70717000 	C:\WINDOWS\System32\ole32.dll
0x00007ffc69af0000 - 0x00007ffc69b03000 	C:\WINDOWS\SYSTEM32\WTSAPI32.dll
0x00007ffc369c0000 - 0x00007ffc36c84000 	C:\WINDOWS\system32\nvspcap64.dll
0x00007ffc6c740000 - 0x00007ffc6c79c000 	C:\WINDOWS\SYSTEM32\WINSTA.dll
0x00007ffc621b0000 - 0x00007ffc6224e000 	C:\WINDOWS\System32\TextInputFramework.dll
0x00007ffc5c980000 - 0x00007ffc5c9d9000 	C:\Users\nilsi\AppData\Local\Temp\lwjglNilsiker\3.2.3-build-13\lwjgl_opengl.dll

dbghelp: loaded successfully - version: 4.0.5 - missing functions: none
symbol engine: initialized successfully - sym options: 0x614 - pdb path: .;C:\Program Files\Java\jdk-11.0.4\bin;C:\WINDOWS\SYSTEM32;C:\Program Files\AVAST Software\Avast;C:\WINDOWS\WinSxS\amd64_microsoft.windows.common-controls_6595b64144ccf1df_6.0.18362.778_none_e6c6b761130d4fb8;C:\Program Files\Java\jdk-11.0.4\bin\server;C:\Users\nilsi\AppData\Local\Temp\lwjglNilsiker\3.2.3-build-13;C:\WINDOWS\System32\DriverStore\FileRepository\nv_dispi.inf_amd64_77e6900053c33f6f

VM Arguments:
jvm_args: -Dfile.encoding=windows-1252 -Duser.country=SE -Duser.language=sv -Duser.variant 
java_command: App
java_class_path (initial): C:\Users\nilsi\repos\joe3d\build\classes\java\main;C:\Users\nilsi\repos\joe3d\build\resources\main;C:\Users\nilsi\.gradle\caches\modules-2\files-2.1\org.lwjgl\lwjgl-assimp\3.2.3\f62aa07a20afbdd3097efc296c4841e0d29700eb\lwjgl-assimp-3.2.3.jar;C:\Users\nilsi\.gradle\caches\modules-2\files-2.1\org.lwjgl\lwjgl-assimp\3.2.3\4e60aeb75f0343c4a9ede4ef8b6b32ca702a00a3\lwjgl-assimp-3.2.3-natives-windows.jar;C:\Users\nilsi\.gradle\caches\modules-2\files-2.1\org.lwjgl\lwjgl-bgfx\3.2.3\433883c4040fa8df47244dffa1d42c96ce2143de\lwjgl-bgfx-3.2.3.jar;C:\Users\nilsi\.gradle\caches\modules-2\files-2.1\org.lwjgl\lwjgl-bgfx\3.2.3\f589da97dd3cfa96f42c8c812a0a028cf28223b8\lwjgl-bgfx-3.2.3-natives-windows.jar;C:\Users\nilsi\.gradle\caches\modules-2\files-2.1\org.lwjgl\lwjgl-cuda\3.2.3\fb91f3aaa29e69eee7f1314a63d3e3068ad138e4\lwjgl-cuda-3.2.3.jar;C:\Users\nilsi\.gradle\caches\modules-2\files-2.1\org.lwjgl\lwjgl-egl\3.2.3\45ad689a4346fac69d4e8696fa02aaa98f0ea196\lwjgl-egl-3.2.3.jar;C:\Users\nilsi\.gradle\caches\modules-2\files-2.1\org.lwjgl\lwjgl-glfw\3.2.3\5e520d5c290c8b012545a8d34fa5db5ab051ea53\lwjgl-glfw-3.2.3.jar;C:\Users\nilsi\.gradle\caches\modules-2\files-2.1\org.lwjgl\lwjgl-glfw\3.2.3\b4d8a3477cdc2edcf7a5f1e822926be846223f54\lwjgl-glfw-3.2.3-natives-windows.jar;C:\Users\nilsi\.gradle\caches\modules-2\files-2.1\org.lwjgl\lwjgl-jawt\3.2.3\b93ceb43c55c28651e178af42e1f344e1e9d8bf3\lwjgl-jawt-3.2.3.jar;C:\Users\nilsi\.gradle\caches\modules-2\files-2.1\org.lwjgl\lwjgl-jemalloc\3.2.3\b6fd0932171ba3f2eaa4547beddca3a3e645342d\lwjgl-jemalloc-3.2.3.jar;C:\Users\nilsi\.gradle\caches\modules-2\files-2.1\org.lwjgl\lwjgl-jemalloc\3.2.3\3423fd0d4c7c1916c8f46b2075c4c2df02f22675\lwjgl-jemalloc-3.2.3-natives-windows.jar;C:\Users\nilsi\.gradle\caches\modules-2\files-2.1\org.lwjgl\lwjgl-libdivide\3.2.3\58c515f934b8b3fd64897d436a9aaea518ac180a\lwjgl-libdivide-3.2.3.jar;C:\Users\nilsi\.gradle\caches\modules-2\files-2.1\org.lwjgl\lwjgl-libdivide\3.2.3\222031dea15051a625f6e83bc5
Launcher Type: SUN_STANDARD

[Global flags]
     intx CICompilerCount                          = 12                                        {product} {ergonomic}
     uint ConcGCThreads                            = 3                                         {product} {ergonomic}
     uint G1ConcRefinementThreads                  = 13                                        {product} {ergonomic}
   size_t G1HeapRegionSize                         = 1048576                                   {product} {ergonomic}
    uintx GCDrainStackTargetSize                   = 64                                        {product} {ergonomic}
   size_t InitialHeapSize                          = 268435456                                 {product} {ergonomic}
   size_t MarkStackSize                            = 4194304                                   {product} {ergonomic}
   size_t MaxHeapSize                              = 4278190080                                {product} {ergonomic}
   size_t MaxNewSize                               = 2566914048                                {product} {ergonomic}
   size_t MinHeapDeltaBytes                        = 1048576                                   {product} {ergonomic}
    uintx NonNMethodCodeHeapSize                   = 7591728                                {pd product} {ergonomic}
    uintx NonProfiledCodeHeapSize                  = 122033256                              {pd product} {ergonomic}
    uintx ProfiledCodeHeapSize                     = 122033256                              {pd product} {ergonomic}
    uintx ReservedCodeCacheSize                    = 251658240                              {pd product} {ergonomic}
     bool SegmentedCodeCache                       = true                                      {product} {ergonomic}
     bool UseCompressedClassPointers               = true                                 {lp64_product} {ergonomic}
     bool UseCompressedOops                        = true                                 {lp64_product} {ergonomic}
     bool UseG1GC                                  = true                                      {product} {ergonomic}
     bool UseLargePagesIndividualAllocation        = false                                  {pd product} {ergonomic}

Logging:
Log output configuration:
 #0: stdout all=warning uptime,level,tags
 #1: stderr all=off uptime,level,tags

Environment Variables:
JAVA_HOME=D:\Java\jdk-12.0.1
PATH=D:\Java\jdk-12.0.1\bin;C:\Program Files (x86)\Common Files\Oracle\Java\javapath;C:\Windows\system32;C:\Windows;C:\Windows\System32\Wbem;C:\Windows\System32\WindowsPowerShell\v1.0\;C:\Windows\System32\OpenSSH\;C:\Program Files\NVIDIA Corporation\NVIDIA NvDLISR;C:\Program Files (x86)\NVIDIA Corporation\PhysX\Common;C:\Program Files\nodejs\;C:\Program Files\Git\cmd;C:\Program Files (x86)\Calibre2\;C:\Program Files\dotnet\;D:\Java\apache-maven-3.6.3\bin;C:\Gradle\gradle-6.1.1\bin;C:\WINDOWS\system32;C:\WINDOWS;C:\WINDOWS\System32\Wbem;C:\WINDOWS\System32\WindowsPowerShell\v1.0\;C:\WINDOWS\System32\OpenSSH\;C:\MinGW\bin;C:\Program Files\MATLAB\R2020a\bin;C:\Users\nilsi\AppData\Local\Programs\Python\Python37-32\Scripts\;C:\Users\nilsi\AppData\Local\Programs\Python\Python37-32\;C:\Program Files (x86)\Common Files\Oracle\Java\javapath;C:\Windows\system32;C:\Windows;C:\Windows\System32\Wbem;C:\Windows\System32\WindowsPowerShell\v1.0\;C:\Windows\System32\OpenSSH\;C:\Program Files\NVIDIA Corporation\NVIDIA NvDLISR;C:\Program Files (x86)\NVIDIA Corporation\PhysX\Common;C:\Program Files\nodejs\;C:\Program Files\Git\cmd;C:\Program Files (x86)\Calibre2\;C:\Program Files\dotnet\;D:\Java\jdk-12.0.1\bin;C:\Program Files\MATLAB\R2019a\bin;C:\Users\nilsi\AppData\Local\Microsoft\WindowsApps;C:\Users\nilsi\AppData\Local\Programs\Microsoft VS Code\bin;C:\Users\nilsi\AppData\Local\GitHubDesktop\bin;C:\Users\nilsi\AppData\Roaming\npm;C:\Program Files\CMake\bin;C:\Program Files\JetBrains\PyCharm Community Edition 2019.2.1\bin;;C:\Users\nilsi\AppData\Local\Microsoft\WindowsApps;
USERNAME=Nilsiker
OS=Windows_NT
PROCESSOR_IDENTIFIER=AMD64 Family 23 Model 1 Stepping 1, AuthenticAMD



---------------  S Y S T E M  ---------------

OS: Windows 10 , 64 bit Build 18362 (10.0.18362.778)

CPU:total 16 (initial active 16) (16 cores per cpu, 2 threads per core) family 23 model 1 stepping 1, cmov, cx8, fxsr, mmx, sse, sse2, sse3, ssse3, sse4.1, sse4.2, popcnt, avx, avx2, aes, clmul, mmxext, 3dnowpref, lzcnt, sse4a, ht, tsc, tscinvbit, tscinv, bmi1, bmi2, adx, sha, fma

Memory: 4k page, system-wide physical 16315M (6348M free)
TotalPageFile size 19776M (AvailPageFile size 3264M)
current process WorkingSet (physical memory assigned to process): 159M, peak: 160M
current process commit charge ("private bytes"): 454M, peak: 455M

vm_info: Java HotSpot(TM) 64-Bit Server VM (11.0.4+10-LTS) for windows-amd64 JRE (11.0.4+10-LTS), built on Jul  4 2019 16:28:13 by "mach5one" with MS VC++ 15.5 (VS2017)

END.
